2019-02-23 07:57:16,195 	 [INFO | json.py:18] > Loading JSON file: /home/dido/code/MicroAnalyserServer/media/microtosca.json
2019-02-23 07:57:16,199 	 [DEBUG | template.py:83] > shipping (service): Added node
2019-02-23 07:57:16,200 	 [DEBUG | template.py:83] > orderdb (database): Added node
2019-02-23 07:57:16,200 	 [DEBUG | template.py:83] > order (service): Added node
2019-02-23 07:57:16,200 	 [DEBUG | template.py:83] > rabbitmq (messagebroker): Added node
2019-02-23 07:57:16,201 	 [DEBUG | nodes.py:116] > shipping (service): adding runtime link to orderdb (database)
2019-02-23 07:57:16,202 	 [DEBUG | nodes.py:116] > shipping (service): adding runtime link to rabbitmq (messagebroker)
2019-02-23 07:57:16,202 	 [DEBUG | nodes.py:124] > shipping (service): adding deployment link to orderdb (database)
2019-02-23 07:57:16,202 	 [DEBUG | nodes.py:116] > order (service): adding runtime link to shipping (service)
2019-02-23 07:57:16,202 	 [DEBUG | nodes.py:116] > order (service): adding runtime link to orderdb (database)
2019-02-23 07:57:16,203 	 [DEBUG | nodes.py:116] > order (service): adding runtime link to rabbitmq (messagebroker)
2019-02-23 07:57:16,203 	 [DEBUG | nodes.py:124] > order (service): adding deployment link to shipping (service)
2019-02-23 07:57:16,203 	 [DEBUG | nodes.py:124] > order (service): adding deployment link to orderdb (database)
2019-02-23 07:57:16,203 	 [INFO | analyser.py:23] > Analyser - analysing ...
2019-02-23 07:57:16,204 	 [DEBUG | analyser.py:91] > Analyser - analysing node shipping (service).
2019-02-23 07:57:16,213 	 [DEBUG | analyser.py:95] > Analyser - checking IndependentDeployability principle
2019-02-23 07:57:16,214 	 [DEBUG | antipatterns.py:61] > Deployment Interaction antipattern on node shipping (service)
2019-02-23 07:57:16,214 	 [DEBUG | analyser.py:95] > Analyser - checking HorizontalScalability principle
2019-02-23 07:57:16,215 	 [DEBUG | antipatterns.py:78] > Direct Interaction antipattern on node shipping (service)
2019-02-23 07:57:16,215 	 [DEBUG | analyser.py:95] > Analyser - checking IsolateFailure principle
2019-02-23 07:57:16,216 	 [DEBUG | antipatterns.py:97] > Cascading Failure antipattern on node shipping (service)
2019-02-23 07:57:16,216 	 [DEBUG | analyser.py:95] > Analyser - checking DecentraliseEverything principle
2019-02-23 07:57:16,216 	 [DEBUG | analyser.py:91] > Analyser - analysing node orderdb (database).
2019-02-23 07:57:16,217 	 [DEBUG | analyser.py:95] > Analyser - checking IndependentDeployability principle
2019-02-23 07:57:16,218 	 [DEBUG | analyser.py:95] > Analyser - checking HorizontalScalability principle
2019-02-23 07:57:16,219 	 [DEBUG | analyser.py:95] > Analyser - checking IsolateFailure principle
2019-02-23 07:57:16,219 	 [DEBUG | analyser.py:95] > Analyser - checking DecentraliseEverything principle
2019-02-23 07:57:16,220 	 [DEBUG | analyser.py:91] > Analyser - analysing node order (service).
2019-02-23 07:57:16,220 	 [DEBUG | analyser.py:95] > Analyser - checking IndependentDeployability principle
2019-02-23 07:57:16,220 	 [DEBUG | antipatterns.py:61] > Deployment Interaction antipattern on node order (service)
2019-02-23 07:57:16,220 	 [DEBUG | analyser.py:95] > Analyser - checking HorizontalScalability principle
2019-02-23 07:57:16,221 	 [DEBUG | antipatterns.py:78] > Direct Interaction antipattern on node order (service)
2019-02-23 07:57:16,221 	 [DEBUG | analyser.py:95] > Analyser - checking IsolateFailure principle
2019-02-23 07:57:16,222 	 [DEBUG | antipatterns.py:97] > Cascading Failure antipattern on node order (service)
2019-02-23 07:57:16,224 	 [DEBUG | analyser.py:95] > Analyser - checking DecentraliseEverything principle
2019-02-23 07:57:16,230 	 [DEBUG | analyser.py:91] > Analyser - analysing node rabbitmq (messagebroker).
2019-02-23 07:57:16,230 	 [DEBUG | analyser.py:95] > Analyser - checking IndependentDeployability principle
2019-02-23 07:57:16,231 	 [DEBUG | analyser.py:95] > Analyser - checking HorizontalScalability principle
2019-02-23 07:57:16,231 	 [DEBUG | analyser.py:95] > Analyser - checking IsolateFailure principle
2019-02-23 07:57:16,232 	 [DEBUG | analyser.py:95] > Analyser - checking DecentraliseEverything principle
2019-02-23 07:57:26,042 	 [INFO | json.py:18] > Loading JSON file: /home/dido/code/MicroAnalyserServer/media/microtosca.json
2019-02-23 07:57:26,043 	 [DEBUG | template.py:83] > shipping (service): Added node
2019-02-23 07:57:26,043 	 [DEBUG | template.py:83] > orderdb (database): Added node
2019-02-23 07:57:26,043 	 [DEBUG | template.py:83] > order (service): Added node
2019-02-23 07:57:26,043 	 [DEBUG | template.py:83] > rabbitmq (messagebroker): Added node
2019-02-23 07:57:26,043 	 [DEBUG | nodes.py:116] > shipping (service): adding runtime link to orderdb (database)
2019-02-23 07:57:26,043 	 [DEBUG | nodes.py:116] > shipping (service): adding runtime link to rabbitmq (messagebroker)
2019-02-23 07:57:26,043 	 [DEBUG | nodes.py:124] > shipping (service): adding deployment link to orderdb (database)
2019-02-23 07:57:26,043 	 [DEBUG | nodes.py:116] > order (service): adding runtime link to shipping (service)
2019-02-23 07:57:26,044 	 [DEBUG | nodes.py:116] > order (service): adding runtime link to orderdb (database)
2019-02-23 07:57:26,044 	 [DEBUG | nodes.py:116] > order (service): adding runtime link to rabbitmq (messagebroker)
2019-02-23 07:57:26,044 	 [DEBUG | nodes.py:124] > order (service): adding deployment link to shipping (service)
2019-02-23 07:57:26,044 	 [DEBUG | nodes.py:124] > order (service): adding deployment link to orderdb (database)
2019-02-23 07:57:26,044 	 [INFO | analyser.py:23] > Analyser - analysing ...
2019-02-23 07:57:26,044 	 [DEBUG | analyser.py:91] > Analyser - analysing node shipping (service).
2019-02-23 07:57:26,044 	 [DEBUG | analyser.py:95] > Analyser - checking IndependentDeployability principle
2019-02-23 07:57:26,044 	 [DEBUG | antipatterns.py:61] > Deployment Interaction antipattern on node shipping (service)
2019-02-23 07:57:26,045 	 [DEBUG | analyser.py:95] > Analyser - checking HorizontalScalability principle
2019-02-23 07:57:26,045 	 [DEBUG | antipatterns.py:78] > Direct Interaction antipattern on node shipping (service)
2019-02-23 07:57:26,045 	 [DEBUG | analyser.py:95] > Analyser - checking IsolateFailure principle
2019-02-23 07:57:26,045 	 [DEBUG | antipatterns.py:97] > Cascading Failure antipattern on node shipping (service)
2019-02-23 07:57:26,045 	 [DEBUG | analyser.py:95] > Analyser - checking DecentraliseEverything principle
2019-02-23 07:57:26,045 	 [DEBUG | analyser.py:91] > Analyser - analysing node orderdb (database).
2019-02-23 07:57:26,045 	 [DEBUG | analyser.py:95] > Analyser - checking IndependentDeployability principle
2019-02-23 07:57:26,045 	 [DEBUG | analyser.py:95] > Analyser - checking HorizontalScalability principle
2019-02-23 07:57:26,045 	 [DEBUG | analyser.py:95] > Analyser - checking IsolateFailure principle
2019-02-23 07:57:26,045 	 [DEBUG | analyser.py:95] > Analyser - checking DecentraliseEverything principle
2019-02-23 07:57:26,045 	 [DEBUG | analyser.py:91] > Analyser - analysing node order (service).
2019-02-23 07:57:26,045 	 [DEBUG | analyser.py:95] > Analyser - checking IndependentDeployability principle
2019-02-23 07:57:26,046 	 [DEBUG | antipatterns.py:61] > Deployment Interaction antipattern on node order (service)
2019-02-23 07:57:26,046 	 [DEBUG | analyser.py:95] > Analyser - checking HorizontalScalability principle
2019-02-23 07:57:26,046 	 [DEBUG | antipatterns.py:78] > Direct Interaction antipattern on node order (service)
2019-02-23 07:57:26,046 	 [DEBUG | analyser.py:95] > Analyser - checking IsolateFailure principle
2019-02-23 07:57:26,046 	 [DEBUG | antipatterns.py:97] > Cascading Failure antipattern on node order (service)
2019-02-23 07:57:26,046 	 [DEBUG | analyser.py:95] > Analyser - checking DecentraliseEverything principle
2019-02-23 07:57:26,046 	 [DEBUG | analyser.py:91] > Analyser - analysing node rabbitmq (messagebroker).
2019-02-23 07:57:26,046 	 [DEBUG | analyser.py:95] > Analyser - checking IndependentDeployability principle
2019-02-23 07:57:26,046 	 [DEBUG | analyser.py:95] > Analyser - checking HorizontalScalability principle
2019-02-23 07:57:26,046 	 [DEBUG | analyser.py:95] > Analyser - checking IsolateFailure principle
2019-02-23 07:57:26,047 	 [DEBUG | analyser.py:95] > Analyser - checking DecentraliseEverything principle
2019-02-23 07:57:52,756 	 [INFO | json.py:18] > Loading JSON file: /home/dido/code/MicroAnalyserServer/media/microtosca.json
2019-02-23 07:57:52,757 	 [DEBUG | template.py:83] > shipping (service): Added node
2019-02-23 07:57:52,757 	 [DEBUG | template.py:83] > orderdb (database): Added node
2019-02-23 07:57:52,757 	 [DEBUG | template.py:83] > order (service): Added node
2019-02-23 07:57:52,757 	 [DEBUG | template.py:83] > rabbitmq (messagebroker): Added node
2019-02-23 07:57:52,757 	 [DEBUG | nodes.py:116] > shipping (service): adding runtime link to orderdb (database)
2019-02-23 07:57:52,757 	 [DEBUG | nodes.py:116] > shipping (service): adding runtime link to rabbitmq (messagebroker)
2019-02-23 07:57:52,757 	 [DEBUG | nodes.py:124] > shipping (service): adding deployment link to orderdb (database)
2019-02-23 07:57:52,758 	 [DEBUG | nodes.py:116] > order (service): adding runtime link to shipping (service)
2019-02-23 07:57:52,758 	 [DEBUG | nodes.py:116] > order (service): adding runtime link to orderdb (database)
2019-02-23 07:57:52,758 	 [DEBUG | nodes.py:116] > order (service): adding runtime link to rabbitmq (messagebroker)
2019-02-23 07:57:52,758 	 [DEBUG | nodes.py:124] > order (service): adding deployment link to shipping (service)
2019-02-23 07:57:52,758 	 [DEBUG | nodes.py:124] > order (service): adding deployment link to orderdb (database)
2019-02-23 07:57:52,758 	 [INFO | analyser.py:23] > Analyser - analysing ...
2019-02-23 07:57:52,758 	 [DEBUG | analyser.py:91] > Analyser - analysing node shipping (service).
2019-02-23 07:57:52,758 	 [DEBUG | analyser.py:95] > Analyser - checking IndependentDeployability principle
2019-02-23 07:57:52,758 	 [DEBUG | antipatterns.py:61] > Deployment Interaction antipattern on node shipping (service)
2019-02-23 07:57:52,759 	 [DEBUG | analyser.py:95] > Analyser - checking HorizontalScalability principle
2019-02-23 07:57:52,759 	 [DEBUG | antipatterns.py:78] > Direct Interaction antipattern on node shipping (service)
2019-02-23 07:57:52,759 	 [DEBUG | analyser.py:95] > Analyser - checking IsolateFailure principle
2019-02-23 07:57:52,759 	 [DEBUG | antipatterns.py:97] > Cascading Failure antipattern on node shipping (service)
2019-02-23 07:57:52,759 	 [DEBUG | analyser.py:95] > Analyser - checking DecentraliseEverything principle
2019-02-23 07:57:52,759 	 [DEBUG | analyser.py:91] > Analyser - analysing node orderdb (database).
2019-02-23 07:57:52,759 	 [DEBUG | analyser.py:95] > Analyser - checking IndependentDeployability principle
2019-02-23 07:57:52,759 	 [DEBUG | analyser.py:95] > Analyser - checking HorizontalScalability principle
2019-02-23 07:57:52,759 	 [DEBUG | analyser.py:95] > Analyser - checking IsolateFailure principle
2019-02-23 07:57:52,759 	 [DEBUG | analyser.py:95] > Analyser - checking DecentraliseEverything principle
2019-02-23 07:57:52,760 	 [DEBUG | analyser.py:91] > Analyser - analysing node order (service).
2019-02-23 07:57:52,760 	 [DEBUG | analyser.py:95] > Analyser - checking IndependentDeployability principle
2019-02-23 07:57:52,760 	 [DEBUG | antipatterns.py:61] > Deployment Interaction antipattern on node order (service)
2019-02-23 07:57:52,760 	 [DEBUG | analyser.py:95] > Analyser - checking HorizontalScalability principle
2019-02-23 07:57:52,760 	 [DEBUG | antipatterns.py:78] > Direct Interaction antipattern on node order (service)
2019-02-23 07:57:52,760 	 [DEBUG | analyser.py:95] > Analyser - checking IsolateFailure principle
2019-02-23 07:57:52,760 	 [DEBUG | antipatterns.py:97] > Cascading Failure antipattern on node order (service)
2019-02-23 07:57:52,760 	 [DEBUG | analyser.py:95] > Analyser - checking DecentraliseEverything principle
2019-02-23 07:57:52,760 	 [DEBUG | analyser.py:91] > Analyser - analysing node rabbitmq (messagebroker).
2019-02-23 07:57:52,760 	 [DEBUG | analyser.py:95] > Analyser - checking IndependentDeployability principle
2019-02-23 07:57:52,761 	 [DEBUG | analyser.py:95] > Analyser - checking HorizontalScalability principle
2019-02-23 07:57:52,761 	 [DEBUG | analyser.py:95] > Analyser - checking IsolateFailure principle
2019-02-23 07:57:52,761 	 [DEBUG | analyser.py:95] > Analyser - checking DecentraliseEverything principle
2019-02-23 07:58:06,401 	 [INFO | json.py:18] > Loading JSON file: /home/dido/code/MicroAnalyserServer/media/microtosca.json
2019-02-23 07:58:06,401 	 [DEBUG | template.py:83] > shipping (service): Added node
2019-02-23 07:58:06,401 	 [DEBUG | template.py:83] > orderdb (database): Added node
2019-02-23 07:58:06,401 	 [DEBUG | template.py:83] > order (service): Added node
2019-02-23 07:58:06,401 	 [DEBUG | template.py:83] > rabbitmq (messagebroker): Added node
2019-02-23 07:58:06,402 	 [DEBUG | nodes.py:116] > shipping (service): adding runtime link to orderdb (database)
2019-02-23 07:58:06,402 	 [DEBUG | nodes.py:116] > shipping (service): adding runtime link to rabbitmq (messagebroker)
2019-02-23 07:58:06,402 	 [DEBUG | nodes.py:124] > shipping (service): adding deployment link to orderdb (database)
2019-02-23 07:58:06,402 	 [DEBUG | nodes.py:116] > order (service): adding runtime link to shipping (service)
2019-02-23 07:58:06,402 	 [DEBUG | nodes.py:116] > order (service): adding runtime link to orderdb (database)
2019-02-23 07:58:06,403 	 [DEBUG | nodes.py:116] > order (service): adding runtime link to rabbitmq (messagebroker)
2019-02-23 07:58:06,403 	 [DEBUG | nodes.py:124] > order (service): adding deployment link to shipping (service)
2019-02-23 07:58:06,403 	 [DEBUG | nodes.py:124] > order (service): adding deployment link to orderdb (database)
2019-02-23 07:58:06,403 	 [INFO | analyser.py:23] > Analyser - analysing ...
2019-02-23 07:58:06,403 	 [DEBUG | analyser.py:91] > Analyser - analysing node shipping (service).
2019-02-23 07:58:06,404 	 [DEBUG | analyser.py:95] > Analyser - checking IndependentDeployability principle
2019-02-23 07:58:06,404 	 [DEBUG | antipatterns.py:61] > Deployment Interaction antipattern on node shipping (service)
2019-02-23 07:58:06,404 	 [DEBUG | analyser.py:95] > Analyser - checking HorizontalScalability principle
2019-02-23 07:58:06,404 	 [DEBUG | antipatterns.py:78] > Direct Interaction antipattern on node shipping (service)
2019-02-23 07:58:06,404 	 [DEBUG | analyser.py:95] > Analyser - checking IsolateFailure principle
2019-02-23 07:58:06,404 	 [DEBUG | antipatterns.py:97] > Cascading Failure antipattern on node shipping (service)
2019-02-23 07:58:06,404 	 [DEBUG | analyser.py:95] > Analyser - checking DecentraliseEverything principle
2019-02-23 07:58:06,404 	 [DEBUG | analyser.py:91] > Analyser - analysing node orderdb (database).
2019-02-23 07:58:06,404 	 [DEBUG | analyser.py:95] > Analyser - checking IndependentDeployability principle
2019-02-23 07:58:06,405 	 [DEBUG | analyser.py:95] > Analyser - checking HorizontalScalability principle
2019-02-23 07:58:06,405 	 [DEBUG | analyser.py:95] > Analyser - checking IsolateFailure principle
2019-02-23 07:58:06,405 	 [DEBUG | analyser.py:95] > Analyser - checking DecentraliseEverything principle
2019-02-23 07:58:06,405 	 [DEBUG | analyser.py:91] > Analyser - analysing node order (service).
2019-02-23 07:58:06,405 	 [DEBUG | analyser.py:95] > Analyser - checking IndependentDeployability principle
2019-02-23 07:58:06,405 	 [DEBUG | antipatterns.py:61] > Deployment Interaction antipattern on node order (service)
2019-02-23 07:58:06,405 	 [DEBUG | analyser.py:95] > Analyser - checking HorizontalScalability principle
2019-02-23 07:58:06,406 	 [DEBUG | antipatterns.py:78] > Direct Interaction antipattern on node order (service)
2019-02-23 07:58:06,406 	 [DEBUG | analyser.py:95] > Analyser - checking IsolateFailure principle
2019-02-23 07:58:06,406 	 [DEBUG | antipatterns.py:97] > Cascading Failure antipattern on node order (service)
2019-02-23 07:58:06,406 	 [DEBUG | analyser.py:95] > Analyser - checking DecentraliseEverything principle
2019-02-23 07:58:06,406 	 [DEBUG | analyser.py:91] > Analyser - analysing node rabbitmq (messagebroker).
2019-02-23 07:58:06,406 	 [DEBUG | analyser.py:95] > Analyser - checking IndependentDeployability principle
2019-02-23 07:58:06,406 	 [DEBUG | analyser.py:95] > Analyser - checking HorizontalScalability principle
2019-02-23 07:58:06,406 	 [DEBUG | analyser.py:95] > Analyser - checking IsolateFailure principle
2019-02-23 07:58:06,406 	 [DEBUG | analyser.py:95] > Analyser - checking DecentraliseEverything principle
2019-02-23 07:58:31,883 	 [INFO | json.py:18] > Loading JSON file: /home/dido/code/MicroAnalyserServer/media/microtosca.json
2019-02-23 07:58:31,884 	 [DEBUG | template.py:83] > shipping (service): Added node
2019-02-23 07:58:31,884 	 [DEBUG | template.py:83] > orderdb (database): Added node
2019-02-23 07:58:31,884 	 [DEBUG | template.py:83] > order (service): Added node
2019-02-23 07:58:31,884 	 [DEBUG | template.py:83] > rabbitmq (messagebroker): Added node
2019-02-23 07:58:31,884 	 [DEBUG | nodes.py:116] > shipping (service): adding runtime link to orderdb (database)
2019-02-23 07:58:31,884 	 [DEBUG | nodes.py:116] > shipping (service): adding runtime link to rabbitmq (messagebroker)
2019-02-23 07:58:31,885 	 [DEBUG | nodes.py:124] > shipping (service): adding deployment link to orderdb (database)
2019-02-23 07:58:31,885 	 [DEBUG | nodes.py:116] > order (service): adding runtime link to shipping (service)
2019-02-23 07:58:31,885 	 [DEBUG | nodes.py:116] > order (service): adding runtime link to orderdb (database)
2019-02-23 07:58:31,885 	 [DEBUG | nodes.py:116] > order (service): adding runtime link to rabbitmq (messagebroker)
2019-02-23 07:58:31,885 	 [DEBUG | nodes.py:124] > order (service): adding deployment link to shipping (service)
2019-02-23 07:58:31,885 	 [DEBUG | nodes.py:124] > order (service): adding deployment link to orderdb (database)
2019-02-23 07:58:31,886 	 [INFO | analyser.py:23] > Analyser - analysing ...
2019-02-23 07:58:31,886 	 [DEBUG | analyser.py:91] > Analyser - analysing node shipping (service).
2019-02-23 07:58:31,886 	 [DEBUG | analyser.py:95] > Analyser - checking IndependentDeployability principle
2019-02-23 07:58:31,886 	 [DEBUG | antipatterns.py:61] > Deployment Interaction antipattern on node shipping (service)
2019-02-23 07:58:31,886 	 [DEBUG | analyser.py:95] > Analyser - checking HorizontalScalability principle
2019-02-23 07:58:31,886 	 [DEBUG | antipatterns.py:78] > Direct Interaction antipattern on node shipping (service)
2019-02-23 07:58:31,886 	 [DEBUG | analyser.py:95] > Analyser - checking IsolateFailure principle
2019-02-23 07:58:31,886 	 [DEBUG | antipatterns.py:97] > Cascading Failure antipattern on node shipping (service)
2019-02-23 07:58:31,887 	 [DEBUG | analyser.py:95] > Analyser - checking DecentraliseEverything principle
2019-02-23 07:58:31,887 	 [DEBUG | analyser.py:91] > Analyser - analysing node orderdb (database).
2019-02-23 07:58:31,887 	 [DEBUG | analyser.py:95] > Analyser - checking IndependentDeployability principle
2019-02-23 07:58:31,887 	 [DEBUG | analyser.py:95] > Analyser - checking HorizontalScalability principle
2019-02-23 07:58:31,887 	 [DEBUG | analyser.py:95] > Analyser - checking IsolateFailure principle
2019-02-23 07:58:31,887 	 [DEBUG | analyser.py:95] > Analyser - checking DecentraliseEverything principle
2019-02-23 07:58:31,887 	 [DEBUG | analyser.py:91] > Analyser - analysing node order (service).
2019-02-23 07:58:31,887 	 [DEBUG | analyser.py:95] > Analyser - checking IndependentDeployability principle
2019-02-23 07:58:31,887 	 [DEBUG | antipatterns.py:61] > Deployment Interaction antipattern on node order (service)
2019-02-23 07:58:31,887 	 [DEBUG | analyser.py:95] > Analyser - checking HorizontalScalability principle
2019-02-23 07:58:31,887 	 [DEBUG | antipatterns.py:78] > Direct Interaction antipattern on node order (service)
2019-02-23 07:58:31,887 	 [DEBUG | analyser.py:95] > Analyser - checking IsolateFailure principle
2019-02-23 07:58:31,888 	 [DEBUG | antipatterns.py:97] > Cascading Failure antipattern on node order (service)
2019-02-23 07:58:31,888 	 [DEBUG | analyser.py:95] > Analyser - checking DecentraliseEverything principle
2019-02-23 07:58:31,888 	 [DEBUG | analyser.py:91] > Analyser - analysing node rabbitmq (messagebroker).
2019-02-23 07:58:31,888 	 [DEBUG | analyser.py:95] > Analyser - checking IndependentDeployability principle
2019-02-23 07:58:31,889 	 [DEBUG | analyser.py:95] > Analyser - checking HorizontalScalability principle
2019-02-23 07:58:31,889 	 [DEBUG | analyser.py:95] > Analyser - checking IsolateFailure principle
2019-02-23 07:58:31,889 	 [DEBUG | analyser.py:95] > Analyser - checking DecentraliseEverything principle
2019-02-23 07:59:13,268 	 [INFO | json.py:18] > Loading JSON file: /home/dido/code/MicroAnalyserServer/media/microtosca.json
2019-02-23 07:59:13,269 	 [DEBUG | template.py:83] > shipping (service): Added node
2019-02-23 07:59:13,269 	 [DEBUG | template.py:83] > orderdb (database): Added node
2019-02-23 07:59:13,269 	 [DEBUG | template.py:83] > order (service): Added node
2019-02-23 07:59:13,269 	 [DEBUG | template.py:83] > rabbitmq (messagebroker): Added node
2019-02-23 07:59:13,269 	 [DEBUG | nodes.py:116] > shipping (service): adding runtime link to orderdb (database)
2019-02-23 07:59:13,269 	 [DEBUG | nodes.py:116] > shipping (service): adding runtime link to rabbitmq (messagebroker)
2019-02-23 07:59:13,269 	 [DEBUG | nodes.py:124] > shipping (service): adding deployment link to orderdb (database)
2019-02-23 07:59:13,269 	 [DEBUG | nodes.py:116] > order (service): adding runtime link to shipping (service)
2019-02-23 07:59:13,269 	 [DEBUG | nodes.py:116] > order (service): adding runtime link to orderdb (database)
2019-02-23 07:59:13,270 	 [DEBUG | nodes.py:116] > order (service): adding runtime link to rabbitmq (messagebroker)
2019-02-23 07:59:13,270 	 [DEBUG | nodes.py:124] > order (service): adding deployment link to shipping (service)
2019-02-23 07:59:13,270 	 [DEBUG | nodes.py:124] > order (service): adding deployment link to orderdb (database)
2019-02-23 07:59:13,270 	 [INFO | analyser.py:23] > Analyser - analysing ...
2019-02-23 07:59:13,271 	 [DEBUG | analyser.py:91] > Analyser - analysing node shipping (service).
2019-02-23 07:59:13,271 	 [DEBUG | analyser.py:95] > Analyser - checking IndependentDeployability principle
2019-02-23 07:59:13,271 	 [DEBUG | antipatterns.py:61] > Deployment Interaction antipattern on node shipping (service)
2019-02-23 07:59:13,271 	 [DEBUG | analyser.py:95] > Analyser - checking HorizontalScalability principle
2019-02-23 07:59:13,271 	 [DEBUG | antipatterns.py:78] > Direct Interaction antipattern on node shipping (service)
2019-02-23 07:59:13,271 	 [DEBUG | analyser.py:95] > Analyser - checking IsolateFailure principle
2019-02-23 07:59:13,271 	 [DEBUG | antipatterns.py:97] > Cascading Failure antipattern on node shipping (service)
2019-02-23 07:59:13,272 	 [DEBUG | analyser.py:95] > Analyser - checking DecentraliseEverything principle
2019-02-23 07:59:13,272 	 [DEBUG | analyser.py:91] > Analyser - analysing node orderdb (database).
2019-02-23 07:59:13,272 	 [DEBUG | analyser.py:95] > Analyser - checking IndependentDeployability principle
2019-02-23 07:59:13,272 	 [DEBUG | analyser.py:95] > Analyser - checking HorizontalScalability principle
2019-02-23 07:59:13,272 	 [DEBUG | analyser.py:95] > Analyser - checking IsolateFailure principle
2019-02-23 07:59:13,273 	 [DEBUG | analyser.py:95] > Analyser - checking DecentraliseEverything principle
2019-02-23 07:59:13,273 	 [DEBUG | analyser.py:91] > Analyser - analysing node order (service).
2019-02-23 07:59:13,273 	 [DEBUG | analyser.py:95] > Analyser - checking IndependentDeployability principle
2019-02-23 07:59:13,273 	 [DEBUG | antipatterns.py:61] > Deployment Interaction antipattern on node order (service)
2019-02-23 07:59:13,273 	 [DEBUG | analyser.py:95] > Analyser - checking HorizontalScalability principle
2019-02-23 07:59:13,274 	 [DEBUG | antipatterns.py:78] > Direct Interaction antipattern on node order (service)
2019-02-23 07:59:13,274 	 [DEBUG | analyser.py:95] > Analyser - checking IsolateFailure principle
2019-02-23 07:59:13,274 	 [DEBUG | antipatterns.py:97] > Cascading Failure antipattern on node order (service)
2019-02-23 07:59:13,274 	 [DEBUG | analyser.py:95] > Analyser - checking DecentraliseEverything principle
2019-02-23 07:59:13,275 	 [DEBUG | analyser.py:91] > Analyser - analysing node rabbitmq (messagebroker).
2019-02-23 07:59:13,275 	 [DEBUG | analyser.py:95] > Analyser - checking IndependentDeployability principle
2019-02-23 07:59:13,275 	 [DEBUG | analyser.py:95] > Analyser - checking HorizontalScalability principle
2019-02-23 07:59:13,275 	 [DEBUG | analyser.py:95] > Analyser - checking IsolateFailure principle
2019-02-23 07:59:13,275 	 [DEBUG | analyser.py:95] > Analyser - checking DecentraliseEverything principle
2019-02-23 08:01:05,856 	 [INFO | json.py:18] > Loading JSON file: /home/dido/code/MicroAnalyserServer/media/microtosca.json
2019-02-23 08:01:05,857 	 [DEBUG | template.py:83] > shipping (service): Added node
2019-02-23 08:01:05,857 	 [DEBUG | template.py:83] > orderdb (database): Added node
2019-02-23 08:01:05,857 	 [DEBUG | template.py:83] > order (service): Added node
2019-02-23 08:01:05,857 	 [DEBUG | template.py:83] > rabbitmq (messagebroker): Added node
2019-02-23 08:01:05,857 	 [DEBUG | nodes.py:116] > shipping (service): adding runtime link to orderdb (database)
2019-02-23 08:01:05,857 	 [DEBUG | nodes.py:116] > shipping (service): adding runtime link to rabbitmq (messagebroker)
2019-02-23 08:01:05,857 	 [DEBUG | nodes.py:124] > shipping (service): adding deployment link to orderdb (database)
2019-02-23 08:01:05,858 	 [DEBUG | nodes.py:116] > order (service): adding runtime link to shipping (service)
2019-02-23 08:01:05,858 	 [DEBUG | nodes.py:116] > order (service): adding runtime link to orderdb (database)
2019-02-23 08:01:05,858 	 [DEBUG | nodes.py:116] > order (service): adding runtime link to rabbitmq (messagebroker)
2019-02-23 08:01:05,858 	 [DEBUG | nodes.py:124] > order (service): adding deployment link to shipping (service)
2019-02-23 08:01:05,858 	 [DEBUG | nodes.py:124] > order (service): adding deployment link to orderdb (database)
2019-02-23 08:01:05,858 	 [INFO | analyser.py:23] > Analyser - analysing ...
2019-02-23 08:01:05,858 	 [DEBUG | analyser.py:91] > Analyser - analysing node shipping (service).
2019-02-23 08:01:05,858 	 [DEBUG | analyser.py:95] > Analyser - checking IndependentDeployability principle
2019-02-23 08:01:05,858 	 [DEBUG | antipatterns.py:61] > Deployment Interaction antipattern on node shipping (service)
2019-02-23 08:01:05,858 	 [DEBUG | analyser.py:95] > Analyser - checking HorizontalScalability principle
2019-02-23 08:01:05,859 	 [DEBUG | antipatterns.py:78] > Direct Interaction antipattern on node shipping (service)
2019-02-23 08:01:05,859 	 [DEBUG | analyser.py:95] > Analyser - checking IsolateFailure principle
2019-02-23 08:01:05,859 	 [DEBUG | antipatterns.py:97] > Cascading Failure antipattern on node shipping (service)
2019-02-23 08:01:05,859 	 [DEBUG | analyser.py:95] > Analyser - checking DecentraliseEverything principle
2019-02-23 08:01:05,859 	 [DEBUG | analyser.py:91] > Analyser - analysing node orderdb (database).
2019-02-23 08:01:05,859 	 [DEBUG | analyser.py:95] > Analyser - checking IndependentDeployability principle
2019-02-23 08:01:05,859 	 [DEBUG | analyser.py:95] > Analyser - checking HorizontalScalability principle
2019-02-23 08:01:05,859 	 [DEBUG | analyser.py:95] > Analyser - checking IsolateFailure principle
2019-02-23 08:01:05,859 	 [DEBUG | analyser.py:95] > Analyser - checking DecentraliseEverything principle
2019-02-23 08:01:05,859 	 [DEBUG | analyser.py:91] > Analyser - analysing node order (service).
2019-02-23 08:01:05,859 	 [DEBUG | analyser.py:95] > Analyser - checking IndependentDeployability principle
2019-02-23 08:01:05,860 	 [DEBUG | antipatterns.py:61] > Deployment Interaction antipattern on node order (service)
2019-02-23 08:01:05,860 	 [DEBUG | analyser.py:95] > Analyser - checking HorizontalScalability principle
2019-02-23 08:01:05,860 	 [DEBUG | antipatterns.py:78] > Direct Interaction antipattern on node order (service)
2019-02-23 08:01:05,860 	 [DEBUG | analyser.py:95] > Analyser - checking IsolateFailure principle
2019-02-23 08:01:05,860 	 [DEBUG | antipatterns.py:97] > Cascading Failure antipattern on node order (service)
2019-02-23 08:01:05,860 	 [DEBUG | analyser.py:95] > Analyser - checking DecentraliseEverything principle
2019-02-23 08:01:05,860 	 [DEBUG | analyser.py:91] > Analyser - analysing node rabbitmq (messagebroker).
2019-02-23 08:01:05,860 	 [DEBUG | analyser.py:95] > Analyser - checking IndependentDeployability principle
2019-02-23 08:01:05,860 	 [DEBUG | analyser.py:95] > Analyser - checking HorizontalScalability principle
2019-02-23 08:01:05,860 	 [DEBUG | analyser.py:95] > Analyser - checking IsolateFailure principle
2019-02-23 08:01:05,860 	 [DEBUG | analyser.py:95] > Analyser - checking DecentraliseEverything principle
2019-02-23 08:12:52,984 	 [INFO | json.py:18] > Loading JSON file: /home/dido/code/MicroAnalyserServer/media/microtosca.json
2019-02-23 08:12:52,984 	 [DEBUG | template.py:83] > shipping (service): Added node
2019-02-23 08:12:52,985 	 [DEBUG | template.py:83] > orderdb (database): Added node
2019-02-23 08:12:52,985 	 [DEBUG | template.py:83] > order (service): Added node
2019-02-23 08:12:52,985 	 [DEBUG | template.py:83] > rabbitmq (messagebroker): Added node
2019-02-23 08:12:52,985 	 [DEBUG | nodes.py:116] > shipping (service): adding runtime link to orderdb (database)
2019-02-23 08:12:52,985 	 [DEBUG | nodes.py:116] > shipping (service): adding runtime link to rabbitmq (messagebroker)
2019-02-23 08:12:52,986 	 [DEBUG | nodes.py:124] > shipping (service): adding deployment link to orderdb (database)
2019-02-23 08:12:52,986 	 [DEBUG | nodes.py:116] > order (service): adding runtime link to shipping (service)
2019-02-23 08:12:52,986 	 [DEBUG | nodes.py:116] > order (service): adding runtime link to orderdb (database)
2019-02-23 08:12:52,986 	 [DEBUG | nodes.py:116] > order (service): adding runtime link to rabbitmq (messagebroker)
2019-02-23 08:12:52,986 	 [DEBUG | nodes.py:124] > order (service): adding deployment link to shipping (service)
2019-02-23 08:12:52,986 	 [DEBUG | nodes.py:124] > order (service): adding deployment link to orderdb (database)
2019-02-23 08:12:52,987 	 [INFO | analyser.py:23] > Analyser - analysing ...
2019-02-23 08:12:52,987 	 [DEBUG | analyser.py:91] > Analyser - analysing node shipping (service).
2019-02-23 08:12:52,987 	 [DEBUG | analyser.py:95] > Analyser - checking IndependentDeployability principle
2019-02-23 08:12:52,987 	 [DEBUG | antipatterns.py:61] > Deployment Interaction antipattern on node shipping (service)
2019-02-23 08:12:52,988 	 [DEBUG | analyser.py:95] > Analyser - checking HorizontalScalability principle
2019-02-23 08:12:52,988 	 [DEBUG | antipatterns.py:78] > Direct Interaction antipattern on node shipping (service)
2019-02-23 08:12:52,988 	 [DEBUG | analyser.py:95] > Analyser - checking IsolateFailure principle
2019-02-23 08:12:52,988 	 [DEBUG | antipatterns.py:97] > Cascading Failure antipattern on node shipping (service)
2019-02-23 08:12:52,988 	 [DEBUG | analyser.py:95] > Analyser - checking DecentraliseEverything principle
2019-02-23 08:12:52,988 	 [DEBUG | analyser.py:91] > Analyser - analysing node orderdb (database).
2019-02-23 08:12:52,988 	 [DEBUG | analyser.py:95] > Analyser - checking IndependentDeployability principle
2019-02-23 08:12:52,989 	 [DEBUG | analyser.py:95] > Analyser - checking HorizontalScalability principle
2019-02-23 08:12:52,989 	 [DEBUG | analyser.py:95] > Analyser - checking IsolateFailure principle
2019-02-23 08:12:52,989 	 [DEBUG | analyser.py:95] > Analyser - checking DecentraliseEverything principle
2019-02-23 08:12:52,989 	 [DEBUG | analyser.py:91] > Analyser - analysing node order (service).
2019-02-23 08:12:52,989 	 [DEBUG | analyser.py:95] > Analyser - checking IndependentDeployability principle
2019-02-23 08:12:52,989 	 [DEBUG | antipatterns.py:61] > Deployment Interaction antipattern on node order (service)
2019-02-23 08:12:52,989 	 [DEBUG | analyser.py:95] > Analyser - checking HorizontalScalability principle
2019-02-23 08:12:52,990 	 [DEBUG | antipatterns.py:78] > Direct Interaction antipattern on node order (service)
2019-02-23 08:12:52,990 	 [DEBUG | analyser.py:95] > Analyser - checking IsolateFailure principle
2019-02-23 08:12:52,990 	 [DEBUG | antipatterns.py:97] > Cascading Failure antipattern on node order (service)
2019-02-23 08:12:52,990 	 [DEBUG | analyser.py:95] > Analyser - checking DecentraliseEverything principle
2019-02-23 08:12:52,990 	 [DEBUG | analyser.py:91] > Analyser - analysing node rabbitmq (messagebroker).
2019-02-23 08:12:52,991 	 [DEBUG | analyser.py:95] > Analyser - checking IndependentDeployability principle
2019-02-23 08:12:52,991 	 [DEBUG | analyser.py:95] > Analyser - checking HorizontalScalability principle
2019-02-23 08:12:52,991 	 [DEBUG | analyser.py:95] > Analyser - checking IsolateFailure principle
2019-02-23 08:12:52,991 	 [DEBUG | analyser.py:95] > Analyser - checking DecentraliseEverything principle
2019-02-23 08:13:42,237 	 [INFO | json.py:18] > Loading JSON file: /home/dido/code/MicroAnalyserServer/media/microtosca.json
2019-02-23 08:13:42,237 	 [DEBUG | template.py:83] > shipping (service): Added node
2019-02-23 08:13:42,237 	 [DEBUG | template.py:83] > orderdb (database): Added node
2019-02-23 08:13:42,237 	 [DEBUG | template.py:83] > order (service): Added node
2019-02-23 08:13:42,237 	 [DEBUG | template.py:83] > rabbitmq (messagebroker): Added node
2019-02-23 08:13:42,238 	 [DEBUG | nodes.py:116] > shipping (service): adding runtime link to orderdb (database)
2019-02-23 08:13:42,238 	 [DEBUG | nodes.py:116] > shipping (service): adding runtime link to rabbitmq (messagebroker)
2019-02-23 08:13:42,238 	 [DEBUG | nodes.py:124] > shipping (service): adding deployment link to orderdb (database)
2019-02-23 08:13:42,238 	 [DEBUG | nodes.py:116] > order (service): adding runtime link to shipping (service)
2019-02-23 08:13:42,238 	 [DEBUG | nodes.py:116] > order (service): adding runtime link to orderdb (database)
2019-02-23 08:13:42,238 	 [DEBUG | nodes.py:116] > order (service): adding runtime link to rabbitmq (messagebroker)
2019-02-23 08:13:42,238 	 [DEBUG | nodes.py:124] > order (service): adding deployment link to shipping (service)
2019-02-23 08:13:42,238 	 [DEBUG | nodes.py:124] > order (service): adding deployment link to orderdb (database)
2019-02-23 08:13:42,238 	 [INFO | analyser.py:23] > Analyser - analysing ...
2019-02-23 08:13:42,238 	 [DEBUG | analyser.py:91] > Analyser - analysing node shipping (service).
2019-02-23 08:13:42,238 	 [DEBUG | analyser.py:95] > Analyser - checking IndependentDeployability principle
2019-02-23 08:13:42,238 	 [DEBUG | antipatterns.py:61] > Deployment Interaction antipattern on node shipping (service)
2019-02-23 08:13:42,239 	 [DEBUG | analyser.py:95] > Analyser - checking HorizontalScalability principle
2019-02-23 08:13:42,239 	 [DEBUG | antipatterns.py:78] > Direct Interaction antipattern on node shipping (service)
2019-02-23 08:13:42,239 	 [DEBUG | analyser.py:95] > Analyser - checking IsolateFailure principle
2019-02-23 08:13:42,239 	 [DEBUG | antipatterns.py:97] > Cascading Failure antipattern on node shipping (service)
2019-02-23 08:13:42,239 	 [DEBUG | analyser.py:95] > Analyser - checking DecentraliseEverything principle
2019-02-23 08:13:42,239 	 [DEBUG | analyser.py:91] > Analyser - analysing node orderdb (database).
2019-02-23 08:13:42,239 	 [DEBUG | analyser.py:95] > Analyser - checking IndependentDeployability principle
2019-02-23 08:13:42,239 	 [DEBUG | analyser.py:95] > Analyser - checking HorizontalScalability principle
2019-02-23 08:13:42,239 	 [DEBUG | analyser.py:95] > Analyser - checking IsolateFailure principle
2019-02-23 08:13:42,239 	 [DEBUG | analyser.py:95] > Analyser - checking DecentraliseEverything principle
2019-02-23 08:13:42,239 	 [DEBUG | analyser.py:91] > Analyser - analysing node order (service).
2019-02-23 08:13:42,240 	 [DEBUG | analyser.py:95] > Analyser - checking IndependentDeployability principle
2019-02-23 08:13:42,240 	 [DEBUG | antipatterns.py:61] > Deployment Interaction antipattern on node order (service)
2019-02-23 08:13:42,240 	 [DEBUG | analyser.py:95] > Analyser - checking HorizontalScalability principle
2019-02-23 08:13:42,240 	 [DEBUG | antipatterns.py:78] > Direct Interaction antipattern on node order (service)
2019-02-23 08:13:42,240 	 [DEBUG | analyser.py:95] > Analyser - checking IsolateFailure principle
2019-02-23 08:13:42,240 	 [DEBUG | antipatterns.py:97] > Cascading Failure antipattern on node order (service)
2019-02-23 08:13:42,240 	 [DEBUG | analyser.py:95] > Analyser - checking DecentraliseEverything principle
2019-02-23 08:13:42,241 	 [DEBUG | analyser.py:91] > Analyser - analysing node rabbitmq (messagebroker).
2019-02-23 08:13:42,241 	 [DEBUG | analyser.py:95] > Analyser - checking IndependentDeployability principle
2019-02-23 08:13:42,241 	 [DEBUG | analyser.py:95] > Analyser - checking HorizontalScalability principle
2019-02-23 08:13:42,241 	 [DEBUG | analyser.py:95] > Analyser - checking IsolateFailure principle
2019-02-23 08:13:42,241 	 [DEBUG | analyser.py:95] > Analyser - checking DecentraliseEverything principle
2019-02-23 08:19:43,215 	 [INFO | json.py:18] > Loading JSON file: /home/dido/code/MicroAnalyserServer/media/microtosca.json
2019-02-23 08:19:43,215 	 [DEBUG | template.py:83] > shipping (service): Added node
2019-02-23 08:19:43,216 	 [DEBUG | template.py:83] > orderdb (database): Added node
2019-02-23 08:19:43,216 	 [DEBUG | template.py:83] > order (service): Added node
2019-02-23 08:19:43,216 	 [DEBUG | template.py:83] > rabbitmq (messagebroker): Added node
2019-02-23 08:19:43,216 	 [DEBUG | nodes.py:116] > shipping (service): adding runtime link to orderdb (database)
2019-02-23 08:19:43,217 	 [DEBUG | nodes.py:116] > shipping (service): adding runtime link to rabbitmq (messagebroker)
2019-02-23 08:19:43,217 	 [DEBUG | nodes.py:124] > shipping (service): adding deployment link to orderdb (database)
2019-02-23 08:19:43,217 	 [DEBUG | nodes.py:116] > order (service): adding runtime link to shipping (service)
2019-02-23 08:19:43,217 	 [DEBUG | nodes.py:116] > order (service): adding runtime link to orderdb (database)
2019-02-23 08:19:43,218 	 [DEBUG | nodes.py:116] > order (service): adding runtime link to rabbitmq (messagebroker)
2019-02-23 08:19:43,218 	 [DEBUG | nodes.py:124] > order (service): adding deployment link to shipping (service)
2019-02-23 08:19:43,218 	 [DEBUG | nodes.py:124] > order (service): adding deployment link to orderdb (database)
2019-02-23 08:19:43,218 	 [INFO | analyser.py:23] > Analyser - analysing ...
2019-02-23 08:19:43,219 	 [DEBUG | analyser.py:91] > Analyser - analysing node shipping (service).
2019-02-23 08:19:43,219 	 [DEBUG | analyser.py:95] > Analyser - checking IndependentDeployability principle
2019-02-23 08:19:43,219 	 [DEBUG | antipatterns.py:61] > Deployment Interaction antipattern on node shipping (service)
2019-02-23 08:19:43,219 	 [DEBUG | analyser.py:95] > Analyser - checking HorizontalScalability principle
2019-02-23 08:19:43,220 	 [DEBUG | antipatterns.py:78] > Direct Interaction antipattern on node shipping (service)
2019-02-23 08:19:43,220 	 [DEBUG | analyser.py:95] > Analyser - checking IsolateFailure principle
2019-02-23 08:19:43,220 	 [DEBUG | antipatterns.py:97] > Cascading Failure antipattern on node shipping (service)
2019-02-23 08:19:43,221 	 [DEBUG | analyser.py:95] > Analyser - checking DecentraliseEverything principle
2019-02-23 08:19:43,221 	 [DEBUG | analyser.py:91] > Analyser - analysing node orderdb (database).
2019-02-23 08:19:43,221 	 [DEBUG | analyser.py:95] > Analyser - checking IndependentDeployability principle
2019-02-23 08:19:43,221 	 [DEBUG | analyser.py:95] > Analyser - checking HorizontalScalability principle
2019-02-23 08:19:43,221 	 [DEBUG | analyser.py:95] > Analyser - checking IsolateFailure principle
2019-02-23 08:19:43,221 	 [DEBUG | analyser.py:95] > Analyser - checking DecentraliseEverything principle
2019-02-23 08:19:43,221 	 [DEBUG | analyser.py:91] > Analyser - analysing node order (service).
2019-02-23 08:19:43,222 	 [DEBUG | analyser.py:95] > Analyser - checking IndependentDeployability principle
2019-02-23 08:19:43,222 	 [DEBUG | antipatterns.py:61] > Deployment Interaction antipattern on node order (service)
2019-02-23 08:19:43,222 	 [DEBUG | analyser.py:95] > Analyser - checking HorizontalScalability principle
2019-02-23 08:19:43,222 	 [DEBUG | antipatterns.py:78] > Direct Interaction antipattern on node order (service)
2019-02-23 08:19:43,223 	 [DEBUG | analyser.py:95] > Analyser - checking IsolateFailure principle
2019-02-23 08:19:43,223 	 [DEBUG | antipatterns.py:97] > Cascading Failure antipattern on node order (service)
2019-02-23 08:19:43,224 	 [DEBUG | analyser.py:95] > Analyser - checking DecentraliseEverything principle
2019-02-23 08:19:43,224 	 [DEBUG | analyser.py:91] > Analyser - analysing node rabbitmq (messagebroker).
2019-02-23 08:19:43,224 	 [DEBUG | analyser.py:95] > Analyser - checking IndependentDeployability principle
2019-02-23 08:19:43,224 	 [DEBUG | analyser.py:95] > Analyser - checking HorizontalScalability principle
2019-02-23 08:19:43,224 	 [DEBUG | analyser.py:95] > Analyser - checking IsolateFailure principle
2019-02-23 08:19:43,224 	 [DEBUG | analyser.py:95] > Analyser - checking DecentraliseEverything principle
2019-02-23 08:20:39,751 	 [INFO | json.py:18] > Loading JSON file: /home/dido/code/MicroAnalyserServer/media/microtosca.json
2019-02-23 08:20:39,751 	 [DEBUG | template.py:83] > shipping (service): Added node
2019-02-23 08:20:39,752 	 [DEBUG | template.py:83] > orderdb (database): Added node
2019-02-23 08:20:39,752 	 [DEBUG | template.py:83] > order (service): Added node
2019-02-23 08:20:39,752 	 [DEBUG | template.py:83] > rabbitmq (messagebroker): Added node
2019-02-23 08:20:39,752 	 [DEBUG | nodes.py:116] > shipping (service): adding runtime link to orderdb (database)
2019-02-23 08:20:39,752 	 [DEBUG | nodes.py:116] > shipping (service): adding runtime link to rabbitmq (messagebroker)
2019-02-23 08:20:39,752 	 [DEBUG | nodes.py:124] > shipping (service): adding deployment link to orderdb (database)
2019-02-23 08:20:39,752 	 [DEBUG | nodes.py:116] > order (service): adding runtime link to shipping (service)
2019-02-23 08:20:39,752 	 [DEBUG | nodes.py:116] > order (service): adding runtime link to orderdb (database)
2019-02-23 08:20:39,753 	 [DEBUG | nodes.py:116] > order (service): adding runtime link to rabbitmq (messagebroker)
2019-02-23 08:20:39,753 	 [DEBUG | nodes.py:124] > order (service): adding deployment link to shipping (service)
2019-02-23 08:20:39,753 	 [DEBUG | nodes.py:124] > order (service): adding deployment link to orderdb (database)
2019-02-23 08:20:39,753 	 [INFO | analyser.py:23] > Analyser - analysing ...
2019-02-23 08:20:39,753 	 [DEBUG | analyser.py:91] > Analyser - analysing node shipping (service).
2019-02-23 08:20:39,753 	 [DEBUG | analyser.py:95] > Analyser - checking IndependentDeployability principle
2019-02-23 08:20:39,753 	 [DEBUG | antipatterns.py:61] > Deployment Interaction antipattern on node shipping (service)
2019-02-23 08:20:39,753 	 [DEBUG | analyser.py:95] > Analyser - checking HorizontalScalability principle
2019-02-23 08:20:39,754 	 [DEBUG | antipatterns.py:78] > Direct Interaction antipattern on node shipping (service)
2019-02-23 08:20:39,754 	 [DEBUG | analyser.py:95] > Analyser - checking IsolateFailure principle
2019-02-23 08:20:39,754 	 [DEBUG | antipatterns.py:97] > Cascading Failure antipattern on node shipping (service)
2019-02-23 08:20:39,754 	 [DEBUG | analyser.py:95] > Analyser - checking DecentraliseEverything principle
2019-02-23 08:20:39,755 	 [DEBUG | analyser.py:91] > Analyser - analysing node orderdb (database).
2019-02-23 08:20:39,755 	 [DEBUG | analyser.py:95] > Analyser - checking IndependentDeployability principle
2019-02-23 08:20:39,755 	 [DEBUG | analyser.py:95] > Analyser - checking HorizontalScalability principle
2019-02-23 08:20:39,755 	 [DEBUG | analyser.py:95] > Analyser - checking IsolateFailure principle
2019-02-23 08:20:39,755 	 [DEBUG | analyser.py:95] > Analyser - checking DecentraliseEverything principle
2019-02-23 08:20:39,756 	 [DEBUG | analyser.py:91] > Analyser - analysing node order (service).
2019-02-23 08:20:39,756 	 [DEBUG | analyser.py:95] > Analyser - checking IndependentDeployability principle
2019-02-23 08:20:39,756 	 [DEBUG | antipatterns.py:61] > Deployment Interaction antipattern on node order (service)
2019-02-23 08:20:39,757 	 [DEBUG | analyser.py:95] > Analyser - checking HorizontalScalability principle
2019-02-23 08:20:39,757 	 [DEBUG | antipatterns.py:78] > Direct Interaction antipattern on node order (service)
2019-02-23 08:20:39,758 	 [DEBUG | analyser.py:95] > Analyser - checking IsolateFailure principle
2019-02-23 08:20:39,758 	 [DEBUG | antipatterns.py:97] > Cascading Failure antipattern on node order (service)
2019-02-23 08:20:39,758 	 [DEBUG | analyser.py:95] > Analyser - checking DecentraliseEverything principle
2019-02-23 08:20:39,759 	 [DEBUG | analyser.py:91] > Analyser - analysing node rabbitmq (messagebroker).
2019-02-23 08:20:39,759 	 [DEBUG | analyser.py:95] > Analyser - checking IndependentDeployability principle
2019-02-23 08:20:39,759 	 [DEBUG | analyser.py:95] > Analyser - checking HorizontalScalability principle
2019-02-23 08:20:39,759 	 [DEBUG | analyser.py:95] > Analyser - checking IsolateFailure principle
2019-02-23 08:20:39,759 	 [DEBUG | analyser.py:95] > Analyser - checking DecentraliseEverything principle
2019-02-23 12:23:26,661 	 [INFO | json.py:18] > Loading JSON file: /home/dido/code/MicroAnalyserServer/media/microtosca.json
2019-02-23 12:23:26,662 	 [DEBUG | template.py:83] > shipping (service): Added node
2019-02-23 12:23:26,662 	 [DEBUG | template.py:83] > orderdb (database): Added node
2019-02-23 12:23:26,662 	 [DEBUG | template.py:83] > order (service): Added node
2019-02-23 12:23:26,662 	 [DEBUG | template.py:83] > rabbitmq (messagebroker): Added node
2019-02-23 12:23:26,662 	 [DEBUG | nodes.py:116] > shipping (service): adding runtime link to orderdb (database)
2019-02-23 12:23:26,663 	 [DEBUG | nodes.py:116] > shipping (service): adding runtime link to rabbitmq (messagebroker)
2019-02-23 12:23:26,663 	 [DEBUG | nodes.py:124] > shipping (service): adding deployment link to orderdb (database)
2019-02-23 12:23:26,663 	 [DEBUG | nodes.py:116] > order (service): adding runtime link to shipping (service)
2019-02-23 12:23:26,663 	 [DEBUG | nodes.py:116] > order (service): adding runtime link to orderdb (database)
2019-02-23 12:23:26,663 	 [DEBUG | nodes.py:116] > order (service): adding runtime link to rabbitmq (messagebroker)
2019-02-23 12:23:26,663 	 [DEBUG | nodes.py:124] > order (service): adding deployment link to shipping (service)
2019-02-23 12:23:26,663 	 [DEBUG | nodes.py:124] > order (service): adding deployment link to orderdb (database)
2019-02-23 12:23:26,663 	 [INFO | analyser.py:23] > Analyser - analysing ...
2019-02-23 12:23:26,664 	 [DEBUG | analyser.py:91] > Analyser - analysing node shipping (service).
2019-02-23 12:23:26,664 	 [DEBUG | analyser.py:95] > Analyser - checking IndependentDeployability principle
2019-02-23 12:23:26,664 	 [DEBUG | antipatterns.py:61] > Deployment Interaction antipattern on node shipping (service)
2019-02-23 12:23:26,664 	 [DEBUG | analyser.py:95] > Analyser - checking HorizontalScalability principle
2019-02-23 12:23:26,664 	 [DEBUG | antipatterns.py:78] > Direct Interaction antipattern on node shipping (service)
2019-02-23 12:23:26,664 	 [DEBUG | analyser.py:95] > Analyser - checking IsolateFailure principle
2019-02-23 12:23:26,664 	 [DEBUG | antipatterns.py:97] > Cascading Failure antipattern on node shipping (service)
2019-02-23 12:23:26,665 	 [DEBUG | analyser.py:95] > Analyser - checking DecentraliseEverything principle
2019-02-23 12:23:26,665 	 [DEBUG | analyser.py:91] > Analyser - analysing node orderdb (database).
2019-02-23 12:23:26,665 	 [DEBUG | analyser.py:95] > Analyser - checking IndependentDeployability principle
2019-02-23 12:23:26,665 	 [DEBUG | analyser.py:95] > Analyser - checking HorizontalScalability principle
2019-02-23 12:23:26,665 	 [DEBUG | analyser.py:95] > Analyser - checking IsolateFailure principle
2019-02-23 12:23:26,665 	 [DEBUG | analyser.py:95] > Analyser - checking DecentraliseEverything principle
2019-02-23 12:23:26,665 	 [DEBUG | analyser.py:91] > Analyser - analysing node order (service).
2019-02-23 12:23:26,665 	 [DEBUG | analyser.py:95] > Analyser - checking IndependentDeployability principle
2019-02-23 12:23:26,666 	 [DEBUG | antipatterns.py:61] > Deployment Interaction antipattern on node order (service)
2019-02-23 12:23:26,666 	 [DEBUG | analyser.py:95] > Analyser - checking HorizontalScalability principle
2019-02-23 12:23:26,666 	 [DEBUG | antipatterns.py:78] > Direct Interaction antipattern on node order (service)
2019-02-23 12:23:26,666 	 [DEBUG | analyser.py:95] > Analyser - checking IsolateFailure principle
2019-02-23 12:23:26,666 	 [DEBUG | antipatterns.py:97] > Cascading Failure antipattern on node order (service)
2019-02-23 12:23:26,666 	 [DEBUG | analyser.py:95] > Analyser - checking DecentraliseEverything principle
2019-02-23 12:23:26,667 	 [DEBUG | analyser.py:91] > Analyser - analysing node rabbitmq (messagebroker).
2019-02-23 12:23:26,667 	 [DEBUG | analyser.py:95] > Analyser - checking IndependentDeployability principle
2019-02-23 12:23:26,667 	 [DEBUG | analyser.py:95] > Analyser - checking HorizontalScalability principle
2019-02-23 12:23:26,667 	 [DEBUG | analyser.py:95] > Analyser - checking IsolateFailure principle
2019-02-23 12:23:26,667 	 [DEBUG | analyser.py:95] > Analyser - checking DecentraliseEverything principle
